0 info it worked if it ends with ok
1 verbose cli [ 'node', '/usr/local/bin/npm', 'install', '-g', 'techy' ]
2 info using npm@1.4.28
3 info using node@v0.10.33
4 verbose cache add [ 'techy', null ]
5 verbose cache add name=undefined spec="techy" args=["techy",null]
6 verbose parsed url { protocol: null,
6 verbose parsed url   slashes: null,
6 verbose parsed url   auth: null,
6 verbose parsed url   host: null,
6 verbose parsed url   port: null,
6 verbose parsed url   hostname: null,
6 verbose parsed url   hash: null,
6 verbose parsed url   search: null,
6 verbose parsed url   query: null,
6 verbose parsed url   pathname: 'techy',
6 verbose parsed url   path: 'techy',
6 verbose parsed url   href: 'techy' }
7 silly lockFile 8b232729-techy techy
8 verbose lock techy /Users/anewcomb/.npm/8b232729-techy.lock
9 silly lockFile 8b232729-techy techy
10 silly lockFile 8b232729-techy techy
11 verbose addNamed [ 'techy', '' ]
12 verbose addNamed [ null, '*' ]
13 silly lockFile 5c2d49a4-techy techy@
14 verbose lock techy@ /Users/anewcomb/.npm/5c2d49a4-techy.lock
15 silly addNameRange { name: 'techy', range: '*', hasData: false }
16 verbose request where is /techy
17 verbose request registry https://registry.npmjs.org/
18 verbose request id f834a11d6d60dbe6
19 verbose url raw /techy
20 verbose url resolving [ 'https://registry.npmjs.org/', './techy' ]
21 verbose url resolved https://registry.npmjs.org/techy
22 verbose request where is https://registry.npmjs.org/techy
23 info trying registry request attempt 1 at 16:35:37
24 verbose etag "8YHBGBJL4SKWZLL5JXUECSQ4S"
25 http GET https://registry.npmjs.org/techy
26 http 304 https://registry.npmjs.org/techy
27 silly registry.get cb [ 304,
27 silly registry.get   { date: 'Fri, 16 Jan 2015 21:35:37 GMT',
27 silly registry.get     server: 'Apache',
27 silly registry.get     via: '1.1 varnish',
27 silly registry.get     'last-modified': 'Fri, 16 Jan 2015 21:35:37 GMT',
27 silly registry.get     'cache-control': 'max-age=60',
27 silly registry.get     etag: '"8YHBGBJL4SKWZLL5JXUECSQ4S"',
27 silly registry.get     age: '0',
27 silly registry.get     'x-served-by': 'cache-jfk1027-JFK',
27 silly registry.get     'x-cache': 'MISS',
27 silly registry.get     'x-cache-hits': '0',
27 silly registry.get     'x-timer': 'S1421444137.775302,VS0,VE41',
27 silly registry.get     vary: 'Accept',
27 silly registry.get     'content-length': '0',
27 silly registry.get     'keep-alive': 'timeout=10, max=50',
27 silly registry.get     connection: 'Keep-Alive' } ]
28 verbose etag https://registry.npmjs.org/techy from cache
29 silly addNameRange number 2 { name: 'techy', range: '*', hasData: true }
30 silly addNameRange versions [ 'techy',
30 silly addNameRange   [ '0.0.1',
30 silly addNameRange     '0.0.2',
30 silly addNameRange     '0.0.3',
30 silly addNameRange     '0.0.4',
30 silly addNameRange     '0.0.5',
30 silly addNameRange     '0.0.6',
30 silly addNameRange     '0.0.7',
30 silly addNameRange     '0.0.8',
30 silly addNameRange     '0.0.9',
30 silly addNameRange     '0.0.10',
30 silly addNameRange     '0.0.11',
30 silly addNameRange     '0.0.12',
30 silly addNameRange     '0.0.13',
30 silly addNameRange     '0.0.14',
30 silly addNameRange     '0.0.15',
30 silly addNameRange     '0.0.16',
30 silly addNameRange     '0.0.17',
30 silly addNameRange     '0.0.18',
30 silly addNameRange     '0.0.19',
30 silly addNameRange     '0.0.20',
30 silly addNameRange     '0.0.21',
30 silly addNameRange     '0.0.22',
30 silly addNameRange     '0.0.23',
30 silly addNameRange     '0.0.24',
30 silly addNameRange     '0.0.25',
30 silly addNameRange     '0.0.26',
30 silly addNameRange     '0.0.27',
30 silly addNameRange     '0.0.28',
30 silly addNameRange     '0.0.29',
30 silly addNameRange     '0.0.30',
30 silly addNameRange     '0.0.31',
30 silly addNameRange     '0.0.32',
30 silly addNameRange     '0.0.33',
30 silly addNameRange     '0.0.34',
30 silly addNameRange     '0.0.35',
30 silly addNameRange     '0.0.36',
30 silly addNameRange     '0.0.37',
30 silly addNameRange     '0.0.38',
30 silly addNameRange     '0.0.39',
30 silly addNameRange     '0.0.40',
30 silly addNameRange     '0.0.41',
30 silly addNameRange     '0.0.42',
30 silly addNameRange     '0.0.43',
30 silly addNameRange     '0.0.44',
30 silly addNameRange     '0.0.45',
30 silly addNameRange     '0.0.46',
30 silly addNameRange     '1.0.0',
30 silly addNameRange     '1.0.1',
30 silly addNameRange     '1.0.2',
30 silly addNameRange     '1.0.3',
30 silly addNameRange     '1.1.0',
30 silly addNameRange     '1.1.1',
30 silly addNameRange     '1.1.2',
30 silly addNameRange     '1.1.3',
30 silly addNameRange     '1.2.0',
30 silly addNameRange     '1.2.1',
30 silly addNameRange     '1.2.2',
30 silly addNameRange     '1.2.3' ] ]
31 verbose addNamed [ 'techy', '1.2.3' ]
32 verbose addNamed [ '1.2.3', '1.2.3' ]
33 silly lockFile b7c8d6fe-techy-1-2-3 techy@1.2.3
34 verbose lock techy@1.2.3 /Users/anewcomb/.npm/b7c8d6fe-techy-1-2-3.lock
35 silly lockFile b7c8d6fe-techy-1-2-3 techy@1.2.3
36 silly lockFile b7c8d6fe-techy-1-2-3 techy@1.2.3
37 silly lockFile 5c2d49a4-techy techy@
38 silly lockFile 5c2d49a4-techy techy@
39 silly resolved [ { name: 'techy',
39 silly resolved     version: '1.2.3',
39 silly resolved     homepage: 'http://krasimir.github.io/techy',
39 silly resolved     description: 'Flat CMS based on Gulp and AbsurdJS',
39 silly resolved     main: './lib/index.js',
39 silly resolved     author:
39 silly resolved      { name: 'Krasimir Tsonev',
39 silly resolved        email: 'info@krasimirtsonev.com',
39 silly resolved        url: 'http://krasimirtsonev.com' },
39 silly resolved     license: 'MIT',
39 silly resolved     dependencies:
39 silly resolved      { absurd: '~0.3.146',
39 silly resolved        gulp: '3.6.0',
39 silly resolved        'gulp-absurd': '0.0.1',
39 silly resolved        'gulp-concat': '2.2.0',
39 silly resolved        'gulp-jshint': '1.5.3',
39 silly resolved        'gulp-uglify': '0.2.1',
39 silly resolved        through2: '0.4.1',
39 silly resolved        'gulp-util': '2.2.14',
39 silly resolved        marked: '0.3.1',
39 silly resolved        minimist: '0.0.8',
39 silly resolved        'html-entities': '1.0.10',
39 silly resolved        glob: '3.2.9',
39 silly resolved        'glob-expand': '*',
39 silly resolved        ncp: '0.5.0',
39 silly resolved        colors: '0.6.2',
39 silly resolved        'yaml-front-matter': '3.0.1' },
39 silly resolved     devDependencies: { 'expect.js': '0.3.1', 'gulp-less': '1.2.3' },
39 silly resolved     keywords: [ 'flat', 'cms', 'gulp', 'absurdjs' ],
39 silly resolved     repository: { type: 'git', url: 'https://github.com/krasimir/techy.git' },
39 silly resolved     bin: { techy: './lib/index.js' },
39 silly resolved     scripts: { test: 'mocha ./tests --reporter spec' },
39 silly resolved     bugs: { url: 'https://github.com/krasimir/techy/issues' },
39 silly resolved     _id: 'techy@1.2.3',
39 silly resolved     dist:
39 silly resolved      { shasum: 'cbdb21bb822a8397833d928efff15ec589f13d6a',
39 silly resolved        tarball: 'http://registry.npmjs.org/techy/-/techy-1.2.3.tgz' },
39 silly resolved     _from: 'techy@',
39 silly resolved     _npmVersion: '1.3.24',
39 silly resolved     _npmUser: { name: 'krasimir', email: 'krasimir@outset.ws' },
39 silly resolved     maintainers: [ [Object] ],
39 silly resolved     directories: {},
39 silly resolved     _shasum: 'cbdb21bb822a8397833d928efff15ec589f13d6a',
39 silly resolved     _resolved: 'https://registry.npmjs.org/techy/-/techy-1.2.3.tgz',
39 silly resolved     readme: 'ERROR: No README data found!' } ]
40 info install techy@1.2.3 into /usr/local/lib
41 info installOne techy@1.2.3
42 verbose lib/node_modules/techy unbuild
43 verbose tar unpack /Users/anewcomb/.npm/techy/1.2.3/package.tgz
44 silly lockFile 14557e9c-usr-local-lib-node-modules-techy tar:///usr/local/lib/node_modules/techy
45 verbose lock tar:///usr/local/lib/node_modules/techy /Users/anewcomb/.npm/14557e9c-usr-local-lib-node-modules-techy.lock
46 silly lockFile 4bfd2a47-comb-npm-techy-1-2-3-package-tgz tar:///Users/anewcomb/.npm/techy/1.2.3/package.tgz
47 verbose lock tar:///Users/anewcomb/.npm/techy/1.2.3/package.tgz /Users/anewcomb/.npm/4bfd2a47-comb-npm-techy-1-2-3-package-tgz.lock
48 silly gunzTarPerm modes [ '755', '644' ]
49 error Error: EACCES, mkdir '/usr/local/lib/node_modules/techy'
49 error  { [Error: EACCES, mkdir '/usr/local/lib/node_modules/techy']
49 error   errno: 3,
49 error   code: 'EACCES',
49 error   path: '/usr/local/lib/node_modules/techy',
49 error   fstream_type: 'Directory',
49 error   fstream_path: '/usr/local/lib/node_modules/techy',
49 error   fstream_class: 'DirWriter',
49 error   fstream_stack:
49 error    [ '/usr/local/lib/node_modules/npm/node_modules/fstream/lib/dir-writer.js:36:23',
49 error      '/usr/local/lib/node_modules/npm/node_modules/mkdirp/index.js:46:53',
49 error      'Object.oncomplete (fs.js:107:15)' ] }
50 error Please try running this command again as root/Administrator.
51 error System Darwin 13.4.0
52 error command "node" "/usr/local/bin/npm" "install" "-g" "techy"
53 error cwd /Users/anewcomb/biglotus/yadda
54 error node -v v0.10.33
55 error npm -v 1.4.28
56 error path /usr/local/lib/node_modules/techy
57 error fstream_path /usr/local/lib/node_modules/techy
58 error fstream_type Directory
59 error fstream_class DirWriter
60 error code EACCES
61 error errno 3
62 error stack Error: EACCES, mkdir '/usr/local/lib/node_modules/techy'
63 error fstream_stack /usr/local/lib/node_modules/npm/node_modules/fstream/lib/dir-writer.js:36:23
63 error fstream_stack /usr/local/lib/node_modules/npm/node_modules/mkdirp/index.js:46:53
63 error fstream_stack Object.oncomplete (fs.js:107:15)
64 verbose exit [ 3, true ]
